This is pdfTeX, Version 3.14159265-2.6-1.40.19 (TeX Live 2018) (preloaded format=pdflatex 2018.4.16)  27 FEB 2019 14:30
entering extended mode
 restricted \write18 enabled.
 file:line:error style messages enabled.
 %&-line parsing enabled.
**physres.tex
(./physres.tex
LaTeX2e <2018-04-01> patch level 2
Babel <3.18> and hyphenation patterns for 84 language(s) loaded.
(./agujournal.cls
Document Class: agujournal 08/06/2016
(/usr/local/texlive/2018/texmf-dist/tex/latex/newtx/newtxtext.sty
Package: newtxtext 2018/03/27 v1.531

`newtxtext' v1.531, 2018/03/27 Text macros taking advantage of TeX-Gyre Termes 
fonts (msharpe)
(/usr/local/texlive/2018/texmf-dist/tex/latex/fontaxes/fontaxes.sty
Package: fontaxes 2014/03/23 v1.0d Font selection axes
LaTeX Info: Redefining \upshape on input line 29.
LaTeX Info: Redefining \itshape on input line 31.
LaTeX Info: Redefining \slshape on input line 33.
LaTeX Info: Redefining \scshape on input line 37.
)
\ntx@fs=\dimen102

(/usr/local/texlive/2018/texmf-dist/tex/latex/xkeyval/xkeyval.sty
Package: xkeyval 2014/12/03 v2.7a package option processing (HA)

(/usr/local/texlive/2018/texmf-dist/tex/generic/xkeyval/xkeyval.tex
(/usr/local/texlive/2018/texmf-dist/tex/generic/xkeyval/xkvutils.tex
\XKV@toks=\toks14
\XKV@tempa@toks=\toks15

(/usr/local/texlive/2018/texmf-dist/tex/generic/xkeyval/keyval.tex))
\XKV@depth=\count80
File: xkeyval.tex 2014/12/03 v2.7a key=value parser (HA)
))
(/usr/local/texlive/2018/texmf-dist/tex/latex/etoolbox/etoolbox.sty
Package: etoolbox 2018/02/11 v2.5e e-TeX tools for LaTeX (JAW)
\etb@tempcnta=\count81
)
(/usr/local/texlive/2018/texmf-dist/tex/latex/base/fontenc.sty
Package: fontenc 2017/04/05 v2.0i Standard LaTeX package

(/usr/local/texlive/2018/texmf-dist/tex/latex/base/t1enc.def
File: t1enc.def 2017/04/05 v2.0i Standard LaTeX file
LaTeX Font Info:    Redeclaring font encoding T1 on input line 48.
))
(/usr/local/texlive/2018/texmf-dist/tex/latex/base/textcomp.sty
Package: textcomp 2017/04/05 v2.0i Standard LaTeX package
Package textcomp Info: Sub-encoding information:
(textcomp)               5 = only ISO-Adobe without \textcurrency
(textcomp)               4 = 5 + \texteuro
(textcomp)               3 = 4 + \textohm
(textcomp)               2 = 3 + \textestimated + \textcurrency
(textcomp)               1 = TS1 - \textcircled - \t
(textcomp)               0 = TS1 (full)
(textcomp)             Font families with sub-encoding setting implement
(textcomp)             only a restricted character set as indicated.
(textcomp)             Family '?' is the default used for unknown fonts.
(textcomp)             See the documentation for details.
Package textcomp Info: Setting ? sub-encoding to TS1/1 on input line 79.
Package textcomp Info: Changing ? sub-encoding to TS1/0 on input line 80.

(/usr/local/texlive/2018/texmf-dist/tex/latex/base/ts1enc.def
File: ts1enc.def 2001/06/05 v3.0e (jk/car/fm) Standard LaTeX file
Now handling font encoding TS1 ...
... processing UTF-8 mapping file for font encoding TS1

(/usr/local/texlive/2018/texmf-dist/tex/latex/base/ts1enc.dfu
File: ts1enc.dfu 2018/04/05 v1.2c UTF-8 support for inputenc
   defining Unicode char U+00A2 (decimal 162)
   defining Unicode char U+00A3 (decimal 163)
   defining Unicode char U+00A4 (decimal 164)
   defining Unicode char U+00A5 (decimal 165)
   defining Unicode char U+00A6 (decimal 166)
   defining Unicode char U+00A7 (decimal 167)
   defining Unicode char U+00A8 (decimal 168)
   defining Unicode char U+00A9 (decimal 169)
   defining Unicode char U+00AA (decimal 170)
   defining Unicode char U+00AC (decimal 172)
   defining Unicode char U+00AE (decimal 174)
   defining Unicode char U+00AF (decimal 175)
   defining Unicode char U+00B0 (decimal 176)
   defining Unicode char U+00B1 (decimal 177)
   defining Unicode char U+00B2 (decimal 178)
   defining Unicode char U+00B3 (decimal 179)
   defining Unicode char U+00B4 (decimal 180)
   defining Unicode char U+00B5 (decimal 181)
   defining Unicode char U+00B6 (decimal 182)
   defining Unicode char U+00B7 (decimal 183)
   defining Unicode char U+00B9 (decimal 185)
   defining Unicode char U+00BA (decimal 186)
   defining Unicode char U+00BC (decimal 188)
   defining Unicode char U+00BD (decimal 189)
   defining Unicode char U+00BE (decimal 190)
   defining Unicode char U+00D7 (decimal 215)
   defining Unicode char U+00F7 (decimal 247)
   defining Unicode char U+0192 (decimal 402)
   defining Unicode char U+02C7 (decimal 711)
   defining Unicode char U+02D8 (decimal 728)
   defining Unicode char U+02DD (decimal 733)
   defining Unicode char U+0E3F (decimal 3647)
   defining Unicode char U+2016 (decimal 8214)
   defining Unicode char U+2020 (decimal 8224)
   defining Unicode char U+2021 (decimal 8225)
   defining Unicode char U+2022 (decimal 8226)
   defining Unicode char U+2030 (decimal 8240)
   defining Unicode char U+2031 (decimal 8241)
   defining Unicode char U+203B (decimal 8251)
   defining Unicode char U+203D (decimal 8253)
   defining Unicode char U+2044 (decimal 8260)
   defining Unicode char U+204E (decimal 8270)
   defining Unicode char U+2052 (decimal 8274)
   defining Unicode char U+20A1 (decimal 8353)
   defining Unicode char U+20A4 (decimal 8356)
   defining Unicode char U+20A6 (decimal 8358)
   defining Unicode char U+20A9 (decimal 8361)
   defining Unicode char U+20AB (decimal 8363)
   defining Unicode char U+20AC (decimal 8364)
   defining Unicode char U+20B1 (decimal 8369)
   defining Unicode char U+2103 (decimal 8451)
   defining Unicode char U+2116 (decimal 8470)
   defining Unicode char U+2117 (decimal 8471)
   defining Unicode char U+211E (decimal 8478)
   defining Unicode char U+2120 (decimal 8480)
   defining Unicode char U+2122 (decimal 8482)
   defining Unicode char U+2126 (decimal 8486)
   defining Unicode char U+2127 (decimal 8487)
   defining Unicode char U+212E (decimal 8494)
   defining Unicode char U+2190 (decimal 8592)
   defining Unicode char U+2191 (decimal 8593)
   defining Unicode char U+2192 (decimal 8594)
   defining Unicode char U+2193 (decimal 8595)
   defining Unicode char U+2329 (decimal 9001)
   defining Unicode char U+232A (decimal 9002)
   defining Unicode char U+2422 (decimal 9250)
   defining Unicode char U+25E6 (decimal 9702)
   defining Unicode char U+25EF (decimal 9711)
   defining Unicode char U+266A (decimal 9834)
   defining Unicode char U+FEFF (decimal 65279)
))
LaTeX Info: Redefining \oldstylenums on input line 334.
Package textcomp Info: Setting cmr sub-encoding to TS1/0 on input line 349.
Package textcomp Info: Setting cmss sub-encoding to TS1/0 on input line 350.
Package textcomp Info: Setting cmtt sub-encoding to TS1/0 on input line 351.
Package textcomp Info: Setting cmvtt sub-encoding to TS1/0 on input line 352.
Package textcomp Info: Setting cmbr sub-encoding to TS1/0 on input line 353.
Package textcomp Info: Setting cmtl sub-encoding to TS1/0 on input line 354.
Package textcomp Info: Setting ccr sub-encoding to TS1/0 on input line 355.
Package textcomp Info: Setting ptm sub-encoding to TS1/4 on input line 356.
Package textcomp Info: Setting pcr sub-encoding to TS1/4 on input line 357.
Package textcomp Info: Setting phv sub-encoding to TS1/4 on input line 358.
Package textcomp Info: Setting ppl sub-encoding to TS1/3 on input line 359.
Package textcomp Info: Setting pag sub-encoding to TS1/4 on input line 360.
Package textcomp Info: Setting pbk sub-encoding to TS1/4 on input line 361.
Package textcomp Info: Setting pnc sub-encoding to TS1/4 on input line 362.
Package textcomp Info: Setting pzc sub-encoding to TS1/4 on input line 363.
Package textcomp Info: Setting bch sub-encoding to TS1/4 on input line 364.
Package textcomp Info: Setting put sub-encoding to TS1/5 on input line 365.
Package textcomp Info: Setting uag sub-encoding to TS1/5 on input line 366.
Package textcomp Info: Setting ugq sub-encoding to TS1/5 on input line 367.
Package textcomp Info: Setting ul8 sub-encoding to TS1/4 on input line 368.
Package textcomp Info: Setting ul9 sub-encoding to TS1/4 on input line 369.
Package textcomp Info: Setting augie sub-encoding to TS1/5 on input line 370.
Package textcomp Info: Setting dayrom sub-encoding to TS1/3 on input line 371.
Package textcomp Info: Setting dayroms sub-encoding to TS1/3 on input line 372.

Package textcomp Info: Setting pxr sub-encoding to TS1/0 on input line 373.
Package textcomp Info: Setting pxss sub-encoding to TS1/0 on input line 374.
Package textcomp Info: Setting pxtt sub-encoding to TS1/0 on input line 375.
Package textcomp Info: Setting txr sub-encoding to TS1/0 on input line 376.
Package textcomp Info: Setting txss sub-encoding to TS1/0 on input line 377.
Package textcomp Info: Setting txtt sub-encoding to TS1/0 on input line 378.
Package textcomp Info: Setting lmr sub-encoding to TS1/0 on input line 379.
Package textcomp Info: Setting lmdh sub-encoding to TS1/0 on input line 380.
Package textcomp Info: Setting lmss sub-encoding to TS1/0 on input line 381.
Package textcomp Info: Setting lmssq sub-encoding to TS1/0 on input line 382.
Package textcomp Info: Setting lmvtt sub-encoding to TS1/0 on input line 383.
Package textcomp Info: Setting lmtt sub-encoding to TS1/0 on input line 384.
Package textcomp Info: Setting qhv sub-encoding to TS1/0 on input line 385.
Package textcomp Info: Setting qag sub-encoding to TS1/0 on input line 386.
Package textcomp Info: Setting qbk sub-encoding to TS1/0 on input line 387.
Package textcomp Info: Setting qcr sub-encoding to TS1/0 on input line 388.
Package textcomp Info: Setting qcs sub-encoding to TS1/0 on input line 389.
Package textcomp Info: Setting qpl sub-encoding to TS1/0 on input line 390.
Package textcomp Info: Setting qtm sub-encoding to TS1/0 on input line 391.
Package textcomp Info: Setting qzc sub-encoding to TS1/0 on input line 392.
Package textcomp Info: Setting qhvc sub-encoding to TS1/0 on input line 393.
Package textcomp Info: Setting futs sub-encoding to TS1/4 on input line 394.
Package textcomp Info: Setting futx sub-encoding to TS1/4 on input line 395.
Package textcomp Info: Setting futj sub-encoding to TS1/4 on input line 396.
Package textcomp Info: Setting hlh sub-encoding to TS1/3 on input line 397.
Package textcomp Info: Setting hls sub-encoding to TS1/3 on input line 398.
Package textcomp Info: Setting hlst sub-encoding to TS1/3 on input line 399.
Package textcomp Info: Setting hlct sub-encoding to TS1/5 on input line 400.
Package textcomp Info: Setting hlx sub-encoding to TS1/5 on input line 401.
Package textcomp Info: Setting hlce sub-encoding to TS1/5 on input line 402.
Package textcomp Info: Setting hlcn sub-encoding to TS1/5 on input line 403.
Package textcomp Info: Setting hlcw sub-encoding to TS1/5 on input line 404.
Package textcomp Info: Setting hlcf sub-encoding to TS1/5 on input line 405.
Package textcomp Info: Setting pplx sub-encoding to TS1/3 on input line 406.
Package textcomp Info: Setting pplj sub-encoding to TS1/3 on input line 407.
Package textcomp Info: Setting ptmx sub-encoding to TS1/4 on input line 408.
Package textcomp Info: Setting ptmj sub-encoding to TS1/4 on input line 409.
))
(/usr/local/texlive/2018/texmf-dist/tex/latex/newtx/newtxmath.sty
Package: newtxmath 2017/12/14 v1.53

`newtxmath' v1.53, 2017/12/14 Math macros based on txfonts (msharpe)
(/usr/local/texlive/2018/texmf-dist/tex/latex/amsmath/amsmath.sty
Package: amsmath 2017/09/02 v2.17a AMS math features
\@mathmargin=\skip41

For additional information on amsmath, use the `?' option.
(/usr/local/texlive/2018/texmf-dist/tex/latex/amsmath/amstext.sty
Package: amstext 2000/06/29 v2.01 AMS text

(/usr/local/texlive/2018/texmf-dist/tex/latex/amsmath/amsgen.sty
File: amsgen.sty 1999/11/30 v2.0 generic functions
\@emptytoks=\toks16
\ex@=\dimen103
))
(/usr/local/texlive/2018/texmf-dist/tex/latex/amsmath/amsbsy.sty
Package: amsbsy 1999/11/29 v1.2d Bold Symbols
\pmbraise@=\dimen104
)
(/usr/local/texlive/2018/texmf-dist/tex/latex/amsmath/amsopn.sty
Package: amsopn 2016/03/08 v2.02 operator names
)
\inf@bad=\count82
LaTeX Info: Redefining \frac on input line 213.
\uproot@=\count83
\leftroot@=\count84
LaTeX Info: Redefining \overline on input line 375.
\classnum@=\count85
\DOTSCASE@=\count86
LaTeX Info: Redefining \ldots on input line 472.
LaTeX Info: Redefining \dots on input line 475.
LaTeX Info: Redefining \cdots on input line 596.
\Mathstrutbox@=\box26
\strutbox@=\box27
\big@size=\dimen105
LaTeX Font Info:    Redeclaring font encoding OML on input line 712.
LaTeX Font Info:    Redeclaring font encoding OMS on input line 713.
\macc@depth=\count87
\c@MaxMatrixCols=\count88
\dotsspace@=\muskip10
\c@parentequation=\count89
\dspbrk@lvl=\count90
\tag@help=\toks17
\row@=\count91
\column@=\count92
\maxfields@=\count93
\andhelp@=\toks18
\eqnshift@=\dimen106
\alignsep@=\dimen107
\tagshift@=\dimen108
\tagwidth@=\dimen109
\totwidth@=\dimen110
\lineht@=\dimen111
\@envbody=\toks19
\multlinegap=\skip42
\multlinetaggap=\skip43
\mathdisplay@stack=\toks20
LaTeX Info: Redefining \[ on input line 2817.
LaTeX Info: Redefining \] on input line 2818.
)
(/usr/local/texlive/2018/texmf-dist/tex/generic/ifxetex/ifxetex.sty
Package: ifxetex 2010/09/12 v0.6 Provides ifxetex conditional
)
(/usr/local/texlive/2018/texmf-dist/tex/generic/oberdiek/ifluatex.sty
Package: ifluatex 2016/05/16 v1.4 Provides the ifluatex switch (HO)
Package ifluatex Info: LuaTeX not detected.
)
(/usr/local/texlive/2018/texmf-dist/tex/latex/oberdiek/centernot.sty
Package: centernot 2016/05/16 v1.4 Centers the not symbol horizontally (HO)
)
(/usr/local/texlive/2018/texmf-dist/tex/generic/kastrup/binhex.tex)
\tx@Isdigit=\count94
LaTeX Font Info:    Redeclaring symbol font `operators' on input line 156.
LaTeX Font Info:    Overwriting symbol font `operators' in version `normal'
(Font)                  OT1/cmr/m/n --> OT1/ntxtlf/m/n on input line 156.
LaTeX Font Info:    Overwriting symbol font `operators' in version `bold'
(Font)                  OT1/cmr/bx/n --> OT1/ntxtlf/m/n on input line 156.
LaTeX Font Info:    Overwriting symbol font `operators' in version `bold'
(Font)                  OT1/ntxtlf/m/n --> OT1/ntxtlf/b/n on input line 157.
LaTeX Font Info:    Redeclaring math alphabet \mathsf on input line 163.
LaTeX Font Info:    Overwriting math alphabet `\mathsf' in version `normal'
(Font)                  OT1/cmss/m/n --> T1/qhv/m/n on input line 163.
LaTeX Font Info:    Overwriting math alphabet `\mathsf' in version `bold'
(Font)                  OT1/cmss/bx/n --> T1/qhv/m/n on input line 163.
LaTeX Font Info:    Redeclaring math alphabet \mathit on input line 164.
LaTeX Font Info:    Overwriting math alphabet `\mathit' in version `normal'
(Font)                  OT1/cmr/m/it --> OT1/ntxtlf/m/it on input line 164.
LaTeX Font Info:    Overwriting math alphabet `\mathit' in version `bold'
(Font)                  OT1/cmr/bx/it --> OT1/ntxtlf/m/it on input line 164.
LaTeX Font Info:    Redeclaring math alphabet \mathtt on input line 165.
LaTeX Font Info:    Overwriting math alphabet `\mathtt' in version `normal'
(Font)                  OT1/cmtt/m/n --> T1/ntxtt/m/n on input line 165.
LaTeX Font Info:    Overwriting math alphabet `\mathtt' in version `bold'
(Font)                  OT1/cmtt/m/n --> T1/ntxtt/m/n on input line 165.
LaTeX Font Info:    Redeclaring math alphabet \mathbf on input line 167.
LaTeX Font Info:    Overwriting math alphabet `\mathbf' in version `normal'
(Font)                  OT1/cmr/bx/n --> OT1/ntxtlf/b/n on input line 167.
LaTeX Font Info:    Overwriting math alphabet `\mathbf' in version `bold'
(Font)                  OT1/cmr/bx/n --> OT1/ntxtlf/b/n on input line 167.
LaTeX Font Info:    Overwriting math alphabet `\mathit' in version `bold'
(Font)                  OT1/ntxtlf/m/it --> OT1/ntxtlf/b/it on input line 168.
LaTeX Font Info:    Overwriting math alphabet `\mathsf' in version `bold'
(Font)                  T1/qhv/m/n --> T1/qhv/b/n on input line 169.
LaTeX Font Info:    Overwriting math alphabet `\mathtt' in version `bold'
(Font)                  T1/ntxtt/m/n --> T1/ntxtt/b/n on input line 170.
LaTeX Font Info:    Redeclaring symbol font `letters' on input line 221.
LaTeX Font Info:    Overwriting symbol font `letters' in version `normal'
(Font)                  OML/cmm/m/it --> OML/ntxmi/m/it on input line 221.
LaTeX Font Info:    Overwriting symbol font `letters' in version `bold'
(Font)                  OML/cmm/b/it --> OML/ntxmi/m/it on input line 221.
LaTeX Font Info:    Overwriting symbol font `letters' in version `bold'
(Font)                  OML/ntxmi/m/it --> OML/ntxmi/b/it on input line 222.
\symlettersA=\mathgroup4
LaTeX Font Info:    Overwriting symbol font `lettersA' in version `bold'
(Font)                  U/ntxmia/m/it --> U/ntxmia/b/it on input line 238.
Now handling font encoding LMS ...
... no UTF-8 mapping file for font encoding LMS
LaTeX Font Info:    Redeclaring symbol font `symbols' on input line 259.
LaTeX Font Info:    Encoding `OMS' has changed to `LMS' for symbol font
(Font)              `symbols' in the math version `normal' on input line 259.
LaTeX Font Info:    Overwriting symbol font `symbols' in version `normal'
(Font)                  OMS/cmsy/m/n --> LMS/ntxsy/m/n on input line 259.
LaTeX Font Info:    Encoding `OMS' has changed to `LMS' for symbol font
(Font)              `symbols' in the math version `bold' on input line 259.
LaTeX Font Info:    Overwriting symbol font `symbols' in version `bold'
(Font)                  OMS/cmsy/b/n --> LMS/ntxsy/m/n on input line 259.
LaTeX Font Info:    Overwriting symbol font `symbols' in version `bold'
(Font)                  LMS/ntxsy/m/n --> LMS/ntxsy/b/n on input line 260.
\symAMSm=\mathgroup5
LaTeX Font Info:    Overwriting symbol font `AMSm' in version `bold'
(Font)                  U/ntxsym/m/n --> U/ntxsym/b/n on input line 283.
\symsymbolsC=\mathgroup6
LaTeX Font Info:    Overwriting symbol font `symbolsC' in version `bold'
(Font)                  U/ntxsyc/m/n --> U/ntxsyc/b/n on input line 304.
Now handling font encoding LMX ...
... no UTF-8 mapping file for font encoding LMX
LaTeX Font Info:    Redeclaring symbol font `largesymbols' on input line 317.
LaTeX Font Info:    Encoding `OMX' has changed to `LMX' for symbol font
(Font)              `largesymbols' in the math version `normal' on input line 3
17.
LaTeX Font Info:    Overwriting symbol font `largesymbols' in version `normal'
(Font)                  OMX/cmex/m/n --> LMX/ntxexx/m/n on input line 317.
LaTeX Font Info:    Encoding `OMX' has changed to `LMX' for symbol font
(Font)              `largesymbols' in the math version `bold' on input line 317
.
LaTeX Font Info:    Overwriting symbol font `largesymbols' in version `bold'
(Font)                  OMX/cmex/m/n --> LMX/ntxexx/m/n on input line 317.
LaTeX Font Info:    Overwriting symbol font `largesymbols' in version `bold'
(Font)                  LMX/ntxexx/m/n --> LMX/ntxexx/b/n on input line 318.
\symlargesymbolsTXA=\mathgroup7
LaTeX Font Info:    Overwriting symbol font `largesymbolsTXA' in version `bold'

(Font)                  U/ntxexa/m/n --> U/ntxexa/b/n on input line 332.
LaTeX Font Info:    Redeclaring math delimiter \lgroup on input line 503.
LaTeX Font Info:    Redeclaring math delimiter \rgroup on input line 504.
LaTeX Font Info:    Redeclaring math delimiter \lmoustache on input line 505.
LaTeX Font Info:    Redeclaring math delimiter \rmoustache on input line 506.
LaTeX Font Info:    Redeclaring math delimiter \lfloor on input line 512.
LaTeX Font Info:    Redeclaring math delimiter \rfloor on input line 513.
LaTeX Font Info:    Redeclaring math delimiter \lceil on input line 514.
LaTeX Font Info:    Redeclaring math delimiter \rceil on input line 515.
LaTeX Font Info:    Redeclaring math delimiter \lbrace on input line 516.
LaTeX Font Info:    Redeclaring math delimiter \rbrace on input line 517.
LaTeX Font Info:    Redeclaring math delimiter \langle on input line 518.
LaTeX Font Info:    Redeclaring math delimiter \rangle on input line 520.
LaTeX Font Info:    Redeclaring math symbol \mid on input line 522.
LaTeX Font Info:    Redeclaring math delimiter \arrowvert on input line 524.
LaTeX Font Info:    Redeclaring math delimiter \vert on input line 525.
LaTeX Font Info:    Redeclaring math symbol \parallel on input line 526.
LaTeX Font Info:    Redeclaring math delimiter \Arrowvert on input line 527.
LaTeX Font Info:    Redeclaring math delimiter \Vert on input line 528.
LaTeX Font Info:    Redeclaring math delimiter \updownarrow on input line 530.
LaTeX Font Info:    Redeclaring math delimiter \Updownarrow on input line 531.
LaTeX Font Info:    Redeclaring math delimiter \lvert on input line 536.
LaTeX Font Info:    Redeclaring math delimiter \rvert on input line 537.
LaTeX Font Info:    Redeclaring math delimiter \lVert on input line 538.
LaTeX Font Info:    Redeclaring math delimiter \rVert on input line 539.
LaTeX Info: Redefining \not on input line 2146.
)
(/usr/local/texlive/2018/texmf-dist/tex/latex/graphics/graphicx.sty
Package: graphicx 2017/06/01 v1.1a Enhanced LaTeX Graphics (DPC,SPQR)

(/usr/local/texlive/2018/texmf-dist/tex/latex/graphics/graphics.sty
Package: graphics 2017/06/25 v1.2c Standard LaTeX Graphics (DPC,SPQR)

(/usr/local/texlive/2018/texmf-dist/tex/latex/graphics/trig.sty
Package: trig 2016/01/03 v1.10 sin cos tan (DPC)
)
(/usr/local/texlive/2018/texmf-dist/tex/latex/graphics-cfg/graphics.cfg
File: graphics.cfg 2016/06/04 v1.11 sample graphics configuration
)
Package graphics Info: Driver file: pdftex.def on input line 99.

(/usr/local/texlive/2018/texmf-dist/tex/latex/graphics-def/pdftex.def
File: pdftex.def 2018/01/08 v1.0l Graphics/color driver for pdftex
))
\Gin@req@height=\dimen112
\Gin@req@width=\dimen113
)
(/usr/local/texlive/2018/texmf-dist/tex/latex/xcolor/xcolor.sty
Package: xcolor 2016/05/11 v2.12 LaTeX color extensions (UK)

(/usr/local/texlive/2018/texmf-dist/tex/latex/graphics-cfg/color.cfg
File: color.cfg 2016/01/02 v1.6 sample color configuration
)
Package xcolor Info: Driver file: pdftex.def on input line 225.
Package xcolor Info: Model `cmy' substituted by `cmy0' on input line 1348.
Package xcolor Info: Model `hsb' substituted by `rgb' on input line 1352.
Package xcolor Info: Model `RGB' extended on input line 1364.
Package xcolor Info: Model `HTML' substituted by `rgb' on input line 1366.
Package xcolor Info: Model `Hsb' substituted by `hsb' on input line 1367.
Package xcolor Info: Model `tHsb' substituted by `hsb' on input line 1368.
Package xcolor Info: Model `HSB' substituted by `hsb' on input line 1369.
Package xcolor Info: Model `Gray' substituted by `gray' on input line 1370.
Package xcolor Info: Model `wave' substituted by `hsb' on input line 1371.
)
(/usr/local/texlive/2018/texmf-dist/tex/latex/lineno/lineno.sty
Package: lineno 2005/11/02 line numbers on paragraphs v4.41
\linenopenalty=\count95
\output=\toks21
\linenoprevgraf=\count96
\linenumbersep=\dimen114
\linenumberwidth=\dimen115
\c@linenumber=\count97
\c@pagewiselinenumber=\count98
\c@LN@truepage=\count99
\c@internallinenumber=\count100
\c@internallinenumbers=\count101
\quotelinenumbersep=\dimen116
\bframerule=\dimen117
\bframesep=\dimen118
\bframebox=\box28
LaTeX Info: Redefining \\ on input line 3056.
)
(/usr/local/texlive/2018/texmf-dist/tex/latex/tools/indentfirst.sty
Package: indentfirst 1995/11/23 v1.03 Indent first paragraph (DPC)
)
(/usr/local/texlive/2018/texmf-dist/tex/latex/ms/ragged2e.sty
Package: ragged2e 2009/05/21 v2.1 ragged2e Package (MS)

(/usr/local/texlive/2018/texmf-dist/tex/latex/ms/everysel.sty
Package: everysel 2011/10/28 v1.2 EverySelectfont Package (MS)
)
\CenteringLeftskip=\skip44
\RaggedLeftLeftskip=\skip45
\RaggedRightLeftskip=\skip46
\CenteringRightskip=\skip47
\RaggedLeftRightskip=\skip48
\RaggedRightRightskip=\skip49
\CenteringParfillskip=\skip50
\RaggedLeftParfillskip=\skip51
\RaggedRightParfillskip=\skip52
\JustifyingParfillskip=\skip53
\CenteringParindent=\skip54
\RaggedLeftParindent=\skip55
\RaggedRightParindent=\skip56
\JustifyingParindent=\skip57
)
(/usr/local/texlive/2018/texmf-dist/tex/latex/graphics/rotating.sty
Package: rotating 2016/08/11 v2.16d rotated objects in LaTeX

(/usr/local/texlive/2018/texmf-dist/tex/latex/base/ifthen.sty
Package: ifthen 2014/09/29 v1.1c Standard LaTeX ifthen package (DPC)
)
\c@r@tfl@t=\count102
\rotFPtop=\skip58
\rotFPbot=\skip59
\rot@float@box=\box29
\rot@mess@toks=\toks22
)
(/usr/local/texlive/2018/texmf-dist/tex/generic/ulem/ulem.sty
\UL@box=\box30
\UL@hyphenbox=\box31
\UL@skip=\skip60
\UL@hook=\toks23
\UL@height=\dimen119
\UL@pe=\count103
\UL@pixel=\dimen120
\ULC@box=\box32
Package: ulem 2012/05/18
\ULdepth=\dimen121
)
\draftskip=\count104
\c@section=\count105
\c@subsection=\count106
\c@subsubsection=\count107
\c@paragraph=\count108
\c@subparagraph=\count109
\c@figure=\count110
\c@table=\count111
\abovecaptionskip=\skip61
\belowcaptionskip=\skip62
\c@appendnum=\count112
\bibindent=\dimen122

(/usr/local/texlive/2018/texmf-dist/tex/latex/natbib/natbib.sty
Package: natbib 2010/09/13 8.31b (PWD, AO)
\bibhang=\skip63
\bibsep=\skip64
LaTeX Info: Redefining \cite on input line 694.
\c@NAT@ctr=\count113
)
\refchangenumber=\count114
\listchangenum=\count115
)
(/usr/local/texlive/2018/texmf-dist/tex/latex/url/url.sty
\Urlmuskip=\muskip11
Package: url 2013/09/16  ver 3.4  Verb mode for urls, etc.
)
LaTeX Font Info:    Try loading font information for T1+ntxtlf on input line 69
.

(/usr/local/texlive/2018/texmf-dist/tex/latex/newtx/t1ntxtlf.fd
File: t1ntxtlf.fd 2015/01/17 v1.0 font definition file for T1/ntx/tlf
)
LaTeX Font Info:    Font shape `T1/ntxtlf/m/n' will be
(Font)              scaled to size 10.0pt on input line 69.
 (./physres.aux)
\openout1 = `physres.aux'.

LaTeX Font Info:    Checking defaults for OML/ntxmi/m/it on input line 69.
LaTeX Font Info:    Try loading font information for OML+ntxmi on input line 69
.
 (/usr/local/texlive/2018/texmf-dist/tex/latex/newtx/omlntxmi.fd
File: omlntxmi.fd 2015/08/25 Fontinst v1.933 font definitions for OML/ntxmi.
)
LaTeX Font Info:    ... okay on input line 69.
LaTeX Font Info:    Checking defaults for T1/cmr/m/n on input line 69.
LaTeX Font Info:    ... okay on input line 69.
LaTeX Font Info:    Checking defaults for OT1/cmr/m/n on input line 69.
LaTeX Font Info:    ... okay on input line 69.
LaTeX Font Info:    Checking defaults for OMS/cmsy/m/n on input line 69.
LaTeX Font Info:    ... okay on input line 69.
LaTeX Font Info:    Checking defaults for OMX/cmex/m/n on input line 69.
LaTeX Font Info:    ... okay on input line 69.
LaTeX Font Info:    Checking defaults for U/ntxexa/m/n on input line 69.
LaTeX Font Info:    Try loading font information for U+ntxexa on input line 69.


(/usr/local/texlive/2018/texmf-dist/tex/latex/newtx/untxexa.fd
File: untxexa.fd 2012/04/16 Fontinst v1.933 font definitions for U/ntxexa.
)
LaTeX Font Info:    ... okay on input line 69.
LaTeX Font Info:    Checking defaults for TS1/cmr/m/n on input line 69.
LaTeX Font Info:    Try loading font information for TS1+cmr on input line 69.

(/usr/local/texlive/2018/texmf-dist/tex/latex/base/ts1cmr.fd
File: ts1cmr.fd 2014/09/29 v2.5h Standard LaTeX font definitions
)
LaTeX Font Info:    ... okay on input line 69.
LaTeX Font Info:    Checking defaults for LMS/ntxsy/m/n on input line 69.
LaTeX Font Info:    Try loading font information for LMS+ntxsy on input line 69
.

(/usr/local/texlive/2018/texmf-dist/tex/latex/newtx/lmsntxsy.fd
File: lmsntxsy.fd 2016/07/02 Fontinst v1.933 font definitions for LMS/ntxsy.
)
LaTeX Font Info:    ... okay on input line 69.
LaTeX Font Info:    Checking defaults for LMX/ntxexx/m/n on input line 69.
LaTeX Font Info:    Try loading font information for LMX+ntxexx on input line 6
9.

(/usr/local/texlive/2018/texmf-dist/tex/latex/newtx/lmxntxexx.fd
File: lmxntxexx.fd 2016/07/03 Fontinst v1.933 font definitions for LMX/ntxexx.
)
LaTeX Font Info:    ... okay on input line 69.
\c@mv@tabular=\count116
\c@mv@boldtabular=\count117

(/usr/local/texlive/2018/texmf-dist/tex/context/base/mkii/supp-pdf.mkii
[Loading MPS to PDF converter (version 2006.09.02).]
\scratchcounter=\count118
\scratchdimen=\dimen123
\scratchbox=\box33
\nofMPsegments=\count119
\nofMParguments=\count120
\everyMPshowfont=\toks24
\MPscratchCnt=\count121
\MPscratchDim=\dimen124
\MPnumerator=\count122
\makeMPintoPDFobject=\count123
\everyMPtoPDFconversion=\toks25
) (/usr/local/texlive/2018/texmf-dist/tex/latex/oberdiek/epstopdf-base.sty
Package: epstopdf-base 2016/05/15 v2.6 Base part for package epstopdf

(/usr/local/texlive/2018/texmf-dist/tex/generic/oberdiek/infwarerr.sty
Package: infwarerr 2016/05/16 v1.4 Providing info/warning/error messages (HO)
)
(/usr/local/texlive/2018/texmf-dist/tex/latex/oberdiek/grfext.sty
Package: grfext 2016/05/16 v1.2 Manage graphics extensions (HO)

(/usr/local/texlive/2018/texmf-dist/tex/generic/oberdiek/kvdefinekeys.sty
Package: kvdefinekeys 2016/05/16 v1.4 Define keys (HO)

(/usr/local/texlive/2018/texmf-dist/tex/generic/oberdiek/ltxcmds.sty
Package: ltxcmds 2016/05/16 v1.23 LaTeX kernel commands for general use (HO)
)))
(/usr/local/texlive/2018/texmf-dist/tex/latex/oberdiek/kvoptions.sty
Package: kvoptions 2016/05/16 v3.12 Key value format for package options (HO)

(/usr/local/texlive/2018/texmf-dist/tex/generic/oberdiek/kvsetkeys.sty
Package: kvsetkeys 2016/05/16 v1.17 Key value parser (HO)

(/usr/local/texlive/2018/texmf-dist/tex/generic/oberdiek/etexcmds.sty
Package: etexcmds 2016/05/16 v1.6 Avoid name clashes with e-TeX commands (HO)
Package etexcmds Info: Could not find \expanded.
(etexcmds)             That can mean that you are not using pdfTeX 1.50 or
(etexcmds)             that some package has redefined \expanded.
(etexcmds)             In the latter case, load this package earlier.
)))
(/usr/local/texlive/2018/texmf-dist/tex/generic/oberdiek/pdftexcmds.sty
Package: pdftexcmds 2018/01/30 v0.27 Utility functions of pdfTeX for LuaTeX (HO
)

(/usr/local/texlive/2018/texmf-dist/tex/generic/oberdiek/ifpdf.sty
Package: ifpdf 2017/03/15 v3.2 Provides the ifpdf switch
)
Package pdftexcmds Info: LuaTeX not detected.
Package pdftexcmds Info: \pdf@primitive is available.
Package pdftexcmds Info: \pdf@ifprimitive is available.
Package pdftexcmds Info: \pdfdraftmode found.
)
Package epstopdf-base Info: Redefining graphics rule for `.eps' on input line 4
38.
Package grfext Info: Graphics extension search list:
(grfext)             [.pdf,.png,.jpg,.mps,.jpeg,.jbig2,.jb2,.PDF,.PNG,.JPG,.JPE
G,.JBIG2,.JB2,.eps]
(grfext)             \AppendGraphicsExtensions on input line 456.

(/usr/local/texlive/2018/texmf-dist/tex/latex/latexconfig/epstopdf-sys.cfg
File: epstopdf-sys.cfg 2010/07/13 v1.3 Configuration of (r)epstopdf for TeX Liv
e
))
ABD: EverySelectfont initializing macros
LaTeX Info: Redefining \selectfont on input line 69.
LaTeX Font Info:    Font shape `T1/ntxtlf/m/n' will be
(Font)              scaled to size 14.4pt on input line 91.
LaTeX Font Info:    Font shape `T1/ntxtlf/bx/n' in size <14.4> not available
(Font)              Font shape `T1/ntxtlf/b/n' tried instead on input line 91.
LaTeX Font Info:    Font shape `T1/ntxtlf/b/n' will be
(Font)              scaled to size 14.4pt on input line 91.
LaTeX Font Info:    Font shape `T1/ntxtlf/bx/n' in size <10> not available
(Font)              Font shape `T1/ntxtlf/b/n' tried instead on input line 112.

LaTeX Font Info:    Font shape `T1/ntxtlf/b/n' will be
(Font)              scaled to size 10.0pt on input line 112.
LaTeX Font Info:    Try loading font information for OT1+ntxtlf on input line 1
12.

(/usr/local/texlive/2018/texmf-dist/tex/latex/newtx/ot1ntxtlf.fd
File: ot1ntxtlf.fd 2015/01/17 v1.0 font definition file for OT1/ntx/tlf
)
LaTeX Font Info:    Font shape `OT1/ntxtlf/m/n' will be
(Font)              scaled to size 10.0pt on input line 112.
LaTeX Font Info:    Font shape `OT1/ntxtlf/m/n' will be
(Font)              scaled to size 7.3pt on input line 112.
LaTeX Font Info:    Font shape `OT1/ntxtlf/m/n' will be
(Font)              scaled to size 5.5pt on input line 112.
LaTeX Font Info:    Try loading font information for U+ntxmia on input line 112
.

(/usr/local/texlive/2018/texmf-dist/tex/latex/newtx/untxmia.fd
File: untxmia.fd 2016/01/31 Fontinst v1.933 font definitions for U/ntxmia.
)
LaTeX Font Info:    Try loading font information for U+ntxsym on input line 112
.

(/usr/local/texlive/2018/texmf-dist/tex/latex/newtx/untxsym.fd
File: untxsym.fd 2015/03/20 Fontinst v1.933 font definitions for U/ntxsym.
)
LaTeX Font Info:    Try loading font information for U+ntxsyc on input line 112
.

(/usr/local/texlive/2018/texmf-dist/tex/latex/newtx/untxsyc.fd
File: untxsyc.fd 2012/04/12 Fontinst v1.933 font definitions for U/ntxsyc.
)
LaTeX Font Info:    Font shape `T1/ntxtlf/m/n' will be
(Font)              scaled to size 7.3pt on input line 112.
LaTeX Font Info:    Try loading font information for TS1+ntxtlf on input line 1
12.

(/usr/local/texlive/2018/texmf-dist/tex/latex/newtx/ts1ntxtlf.fd
File: ts1ntxtlf.fd 2015/01/18 v1.0 fd file for TS1/ntxtlf
)
LaTeX Font Info:    Font shape `TS1/ntxtlf/m/n' will be
(Font)              scaled to size 7.3pt on input line 112.
LaTeX Font Info:    Font shape `T1/ntxtlf/m/n' will be
(Font)              scaled to size 8.0pt on input line 112.
LaTeX Font Info:    Font shape `OT1/ntxtlf/m/n' will be
(Font)              scaled to size 8.0pt on input line 112.
LaTeX Font Info:    Font shape `OT1/ntxtlf/m/n' will be
(Font)              scaled to size 6.2pt on input line 112.
LaTeX Font Info:    Font shape `T1/ntxtlf/m/n' will be
(Font)              scaled to size 6.2pt on input line 112.
LaTeX Font Info:    Font shape `TS1/ntxtlf/m/n' will be
(Font)              scaled to size 6.2pt on input line 112.
LaTeX Font Info:    Try loading font information for T1+ntxsups on input line 1
28.

(/usr/local/texlive/2018/texmf-dist/tex/latex/newtx/t1ntxsups.fd
File: t1ntxsups.fd 2015/01/17 v1.0
)
LaTeX Font Info:    Font shape `T1/ntxsups/m/n' will be
(Font)              scaled to size 8.0pt on input line 128.
LaTeX Font Info:    Font shape `T1/ntxtlf/m/n' will be
(Font)              scaled to size 9.0pt on input line 128.
LaTeX Font Info:    Try loading font information for T1+ntxtt on input line 128
.

(/usr/local/texlive/2018/texmf-dist/tex/latex/newtx/t1ntxtt.fd
File: t1ntxtt.fd 2012/04/20 v3.1
)
LaTeX Font Info:    Font shape `T1/ntxtt/m/n' will be
(Font)              scaled to size 9.0pt on input line 128.
LaTeX Font Info:    Font shape `T1/ntxtlf/m/n' will be
(Font)              scaled to size 5.0pt on input line 138.
LaTeX Font Info:    Font shape `T1/ntxtlf/m/it' will be
(Font)              scaled to size 9.0pt on input line 155.
 [1{/usr/local/texlive/2018/texmf-var/fonts/map/pdftex/updmap/pdftex.map}]
Overfull \hbox (0.29778pt too wide) in paragraph at lines 155--157
\T1/ntxtlf/m/n/10 This pa-per de-scribes the im-ple-men-ta-tion of a coarser re
s-o-lu-tion physics grid into the Com- 
 []

LaTeX Font Info:    Font shape `T1/ntxtlf/m/n' will be
(Font)              scaled to size 10.5pt on input line 175.
LaTeX Font Info:    Font shape `T1/ntxtlf/bx/n' in size <10.5> not available
(Font)              Font shape `T1/ntxtlf/b/n' tried instead on input line 175.

LaTeX Font Info:    Font shape `T1/ntxtlf/b/n' will be
(Font)              scaled to size 10.5pt on input line 175.
LaTeX Font Info:    Font shape `T1/ntxtlf/m/it' will be
(Font)              scaled to size 10.0pt on input line 177.

Underfull \vbox (badness 10000) has occurred while \output is active []

 [2]
Underfull \vbox (badness 10000) has occurred while \output is active []

 [3]

LaTeX Warning: Reference `overview' on page 4 undefined on input line 193.

(./mapping.tex
<figs/fig-overview.pdf, id=20, 536.57887pt x 344.57072pt>
File: figs/fig-overview.pdf Graphic file (type pdf)
<use figs/fig-overview.pdf>
Package pdftex.def Info: figs/fig-overview.pdf  used on input line 5.
(pdftex.def)             Requested size: 360.0pt x 231.1819pt.
LaTeX Font Info:    Font shape `T1/ntxtlf/bx/n' in size <9> not available
(Font)              Font shape `T1/ntxtlf/b/n' tried instead on input line 7.
LaTeX Font Info:    Font shape `T1/ntxtlf/b/n' will be
(Font)              scaled to size 9.0pt on input line 7.

Underfull \vbox (badness 10000) has occurred while \output is active []

 [4]
LaTeX Font Info:    Font shape `T1/ntxtlf/m/n' will be
(Font)              scaled to size 5.5pt on input line 17.
LaTeX Font Info:    Font shape `OT1/ntxtlf/b/n' will be
(Font)              scaled to size 10.0pt on input line 30.
LaTeX Font Info:    Font shape `OT1/ntxtlf/b/n' will be
(Font)              scaled to size 7.3pt on input line 30.
LaTeX Font Info:    Font shape `OT1/ntxtlf/b/n' will be
(Font)              scaled to size 5.5pt on input line 30.

[5 <./figs/fig-overview.pdf>]
<figs/area-schematic.png, id=152, 1991.44pt x 948.54375pt>
File: figs/area-schematic.png Graphic file (type png)
<use figs/area-schematic.png>
Package pdftex.def Info: figs/area-schematic.png  used on input line 35.
(pdftex.def)             Requested size: 360.0pt x 171.46866pt.
LaTeX Font Info:    Font shape `OT1/ntxtlf/m/n' will be
(Font)              scaled to size 9.0pt on input line 37.
 [6 <./figs/area-schematic.png>] [7]
LaTeX Font Info:    Font shape `T1/ntxtlf/bx/it' in size <10> not available
(Font)              Font shape `T1/ntxtlf/b/it' tried instead on input line 99.

LaTeX Font Info:    Font shape `T1/ntxtlf/b/it' will be
(Font)              scaled to size 10.0pt on input line 99.

Overfull \hbox (8.25525pt too wide) in paragraph at lines 106--108
\T1/ntxtlf/m/n/10 a con-stant mix-ing ra-tio in-cre-ment is not con-served. Ba-
si-cally the con-stant in-cre-ment mapped 
 []

<figs/alg-schematic.png, id=165, 3319.40125pt x 948.54375pt>
File: figs/alg-schematic.png Graphic file (type png)
<use figs/alg-schematic.png>
Package pdftex.def Info: figs/alg-schematic.png  used on input line 117.
(pdftex.def)             Requested size: 360.0pt x 102.86382pt.

Underfull \hbox (badness 10000) in paragraph at lines 119--119
[]\T1/ntxtlf/b/n/9 Figure  3. \T1/ntxtlf/m/n/9 Schematic il-lus-tra-tion of the
 `neg-a-tiv-ity prob-lem' in a sin-gle el-e-ment. (a.) Ini-tial CSLAM tracer
 []


Underfull \hbox (badness 10000) in paragraph at lines 119--119
\T1/ntxtlf/m/n/9 val-ues, (b.) mapped to $\OML/ntxmi/m/it/9 pg\OT1/ntxtlf/m/n/9
 2$\T1/ntxtlf/m/n/9 , (c) pro-duces a tracer in-cre-ment on $\OML/ntxmi/m/it/9 
pg\OT1/ntxtlf/m/n/9 2$\T1/ntxtlf/m/n/9 , (d.) with neg-a-tive in-cre-ments on t
he ex-
 []

[8]
Underfull \vbox (badness 5036) has occurred while \output is active []

 [9 <./figs/alg-schematic.png>]
Overfull \hbox (7.43027pt too wide) in paragraph at lines 159--161
\T1/ntxtlf/m/n/10 to the CSLAM cells us-ing the ex-cess func-tion in-sures that
 the neg-a-tiv-ity prob-lem is avoided. 
 []

<figs/mapping.pdf, id=174, 748.53903pt x 412.52048pt>
File: figs/mapping.pdf Graphic file (type pdf)
<use figs/mapping.pdf>
Package pdftex.def Info: figs/mapping.pdf  used on input line 182.
(pdftex.def)             Requested size: 360.0pt x 198.39784pt.

Underfull \hbox (badness 10000) in paragraph at lines 184--184
[]\T1/ntxtlf/b/n/9 Figure  4. \T1/ntxtlf/m/n/9 Map-ping of ide-al-ized func-tio
ns from $\OML/ntxmi/m/it/9 pg\OT1/ntxtlf/m/n/9 2$ \T1/ntxtlf/m/n/9 (col-umn 1) 
to $\OML/ntxmi/m/it/9 pg\OT1/ntxtlf/m/n/9 3$ \T1/ntxtlf/m/n/9 (columns 2) and e
r-rors (col-umn 3)
 []


Underfull \hbox (badness 10000) in paragraph at lines 184--184
\T1/ntxtlf/m/n/9 us-ing the new ten-dency al-go-rithm only (row 1 and 3) and ne
w ten-dency al-go-rithm with the high-order pre-
 []


Underfull \hbox (badness 10000) in paragraph at lines 184--184
\T1/ntxtlf/m/n/9 allocation (row 2 and 4). Col-umn 4 shows the er-rors in map-p
ing the same dis-tri-bu-tions from $\OML/ntxmi/m/it/9 pg\OT1/ntxtlf/m/n/9 3$ \T
1/ntxtlf/m/n/9 to $\OML/ntxmi/m/it/9 pg\OT1/ntxtlf/m/n/9 2$ \T1/ntxtlf/m/n/9 us
-ing
 []

[10]
LaTeX Font Info:    Font shape `T1/ntxsups/m/n' will be
(Font)              scaled to size 10.0pt on input line 205.

Underfull \hbox (badness 10000) in paragraph at lines 208--208
| [][]\T1/ntxtlf/m/n/8 In the com-pu-ta-tion of $[][]$ there can be small over-
shoots and un-der-shoots (due to nu-mer-i-cal in-te-gra-tion er-rors) com-
 []


Overfull \hbox (2.24422pt too wide) in paragraph at lines 205--209
\T1/ntxtlf/m/n/10 and over-shoots on the ex-change grid by mod-i-fy-ing the for
c-ing in-cre-ment $[][]$ so that shape- 
 []


Underfull \vbox (badness 10000) has occurred while \output is active []

 [11 <./figs/mapping.pdf, page is rotated 270 degrees>])
LaTeX Font Info:    Font shape `T1/ntxtt/m/n' will be
(Font)              scaled to size 10.0pt on input line 203.

Overfull \hbox (2.2502pt too wide) in paragraph at lines 205--206
\T1/ntxtlf/m/n/10 o-lu-tion physics grid, a suite of aqua-planet sim-u-la-tions
 [\T1/ntxtlf/m/it/10 Neale and Hoskins\T1/ntxtlf/m/n/10 , 2000; \T1/ntxtlf/m/it
/10 Medeiros 
 []


Overfull \hbox (2.04521pt too wide) in paragraph at lines 205--206
\T1/ntxtlf/m/n/10 physics ($\OML/ntxmi/m/it/10 QPC\OT1/ntxtlf/m/n/10 6$ \T1/ntx
tlf/m/n/10 compset). The aqua-planet is an ocean cov-ered planet in per-pet-ual
 equinox, 
 []


Overfull \hbox (4.42027pt too wide) in paragraph at lines 205--206
\T1/ntxtlf/m/n/10 res-o-lu-tion ac-cord-ing to a CFL cri-te-rion, there is no e
s-tab-lished stan-dard for how the physics 
 []


Underfull \vbox (badness 1931) has occurred while \output is active []

 [12]
Underfull \hbox (badness 10000) in paragraph at lines 219--219
| [][]\T1/ntxtlf/m/n/8 This is ap-prox-i-mate. To re-duce the co-ef-fi-cients b
y ex-actly an or-der of mag-ni-tude for each dou-bling of the res-o-lu-tion, th
e
 []

<figs/temp_CLDLIQ.pdf, id=257, 538.08168pt x 366.12012pt>
File: figs/temp_CLDLIQ.pdf Graphic file (type pdf)
<use figs/temp_CLDLIQ.pdf>
Package pdftex.def Info: figs/temp_CLDLIQ.pdf  used on input line 229.
(pdftex.def)             Requested size: 360.0pt x 244.95284pt.

Underfull \hbox (badness 10000) in paragraph at lines 231--231
[]\T1/ntxtlf/b/n/9 Figure  5. \T1/ntxtlf/m/n/9 Snap-shot of the cloud liq-uid f
ield in kg kg$[]$ on day 10 of the moist baro-clinic wave test in the
 []


Underfull \hbox (badness 10000) in paragraph at lines 231--231
\OML/ntxmi/m/it/9 ne\OT1/ntxtlf/m/n/9 30\OML/ntxmi/m/it/9 pg\OT1/ntxtlf/m/n/9 3
$ \T1/ntxtlf/m/n/9 and $\OML/ntxmi/m/it/9 ne\OT1/ntxtlf/m/n/9 30\OML/ntxmi/m/it
/9 pg\OT1/ntxtlf/m/n/9 2$ \T1/ntxtlf/m/n/9 con-fig-u-ra-tions, dis-played on th
e up-per and lower pan-els, re-spec-tively. The fields are
 []

<figs/temp_terminator.pdf, id=258, 426.71475pt x 495.24535pt>
File: figs/temp_terminator.pdf Graphic file (type pdf)
<use figs/temp_terminator.pdf>
Package pdftex.def Info: figs/temp_terminator.pdf  used on input line 239.
(pdftex.def)             Requested size: 360.0pt x 417.83955pt.

Underfull \hbox (badness 10000) in paragraph at lines 241--241
[]\T1/ntxtlf/b/n/9 Figure  6. $\LMS/ntxsy/m/n/9 h\OML/ntxmi/m/it/9 CLy\LMS/ntxs
y/m/n/9 i$ \T1/ntxtlf/m/n/9 in kg kg$[]$ on day 15 of the moist baro-clinic wav
e test in the $\OML/ntxmi/m/it/9 ne\OT1/ntxtlf/m/n/9 30\OML/ntxmi/m/it/9 np\OT1
/ntxtlf/m/n/9 4$ \T1/ntxtlf/m/n/9 and $\OML/ntxmi/m/it/9 ne\OT1/ntxtlf/m/n/9 30
\OML/ntxmi/m/it/9 pg\OT1/ntxtlf/m/n/9 2$ \T1/ntxtlf/m/n/9 con-
 []


Underfull \hbox (badness 10000) in paragraph at lines 241--241
\T1/ntxtlf/m/n/9 fig-u-ra-tions, dis-played on the up-per and lower pan-els, re
-spec-tively. The lower panel has a sin-gle con-tour level
 []

[13]
Underfull \vbox (badness 10000) has occurred while \output is active []

 [14 <./figs/temp_CLDLIQ.pdf>]
<figs/fhstopo_ne30pg2-v-ne30pg3-v-10Xnudiv.pdf, id=273, 546.14795pt x 390.19397
pt>
File: figs/fhstopo_ne30pg2-v-ne30pg3-v-10Xnudiv.pdf Graphic file (type pdf)
<use figs/fhstopo_ne30pg2-v-ne30pg3-v-10Xnudiv.pdf>
Package pdftex.def Info: figs/fhstopo_ne30pg2-v-ne30pg3-v-10Xnudiv.pdf  used on
 input line 256.
(pdftex.def)             Requested size: 360.0pt x 257.20729pt.

Underfull \hbox (badness 10000) in paragraph at lines 258--258
[]\T1/ntxtlf/b/n/9 Figure  7. \T1/ntxtlf/m/n/9 Mean $\OML/ntxmi/m/it/9 !$ \T1/n
txtlf/m/n/9 at two model lev-els in the mid-dle tro-po-sphere, in a Held-Suarez
 con-fig-u-ra-tion out-fit-ted
 []


Underfull \hbox (badness 10000) in paragraph at lines 258--258
\T1/ntxtlf/m/n/9 with real world to-pog-ra-phy. (Left) $\OML/ntxmi/m/it/9 ne\OT
1/ntxtlf/m/n/9 30\OML/ntxmi/m/it/9 pg\OT1/ntxtlf/m/n/9 2$ \T1/ntxtlf/m/n/9 (Mid
-dle) $\OML/ntxmi/m/it/9 ne\OT1/ntxtlf/m/n/9 30\OML/ntxmi/m/it/9 pg\OT1/ntxtlf/
m/n/9 3$ \T1/ntxtlf/m/n/9 and (Right) $\OML/ntxmi/m/it/9 ne\OT1/ntxtlf/m/n/9 30
\OML/ntxmi/m/it/9 pg\OT1/ntxtlf/m/n/9 3$ \T1/ntxtlf/m/n/9 with the di-ver-gence

 []


Underfull \hbox (badness 10000) in paragraph at lines 258--258
\T1/ntxtlf/m/n/9 damp-ing co-ef-fi-cient, $\OML/ntxmi/m/it/9 ^^W[]$\T1/ntxtlf/m
/n/9 , in-creased by an or-der of mag-ni-tude. The $\OML/ntxmi/m/it/9 !$ \T1/nt
xtlf/m/n/9 fields are com-puted from a two-year
 []


Underfull \vbox (badness 1303) has occurred while \output is active []

 [15 <./figs/temp_terminator.pdf>]
<figs/fhstopo_Divergence_ne30pg2-v-ne30pg3-v-10Xnudiv.pdf, id=284, 521.00893pt 
x 521.19388pt>
File: figs/fhstopo_Divergence_ne30pg2-v-ne30pg3-v-10Xnudiv.pdf Graphic file (ty
pe pdf)
<use figs/fhstopo_Divergence_ne30pg2-v-ne30pg3-v-10Xnudiv.pdf>
Package pdftex.def Info: figs/fhstopo_Divergence_ne30pg2-v-ne30pg3-v-10Xnudiv.p
df  used on input line 266.
(pdftex.def)             Requested size: 300.0pt x 300.10564pt.

Underfull \hbox (badness 10000) in paragraph at lines 268--268
[]\T1/ntxtlf/b/n/9 Figure  8. \T1/ntxtlf/m/n/9 Ki-netic en-ergy power spec-trum
 aris-ing from di-ver-gent modes in $\OML/ntxmi/m/it/9 ne\OT1/ntxtlf/m/n/9 30\O
ML/ntxmi/m/it/9 pg\OT1/ntxtlf/m/n/9 3$\T1/ntxtlf/m/n/9 , $\OML/ntxmi/m/it/9 ne\
OT1/ntxtlf/m/n/9 30\OML/ntxmi/m/it/9 pg\OT1/ntxtlf/m/n/9 2$ \T1/ntxtlf/m/n/9 an
d $\OML/ntxmi/m/it/9 ne\OT1/ntxtlf/m/n/9 30\OML/ntxmi/m/it/9 pg\OT1/ntxtlf/m/n/
9 3$
 []


Underfull \hbox (badness 10000) in paragraph at lines 268--268
\T1/ntxtlf/m/n/9 with the di-ver-gence damp-ing co-ef-fi-cient, $\OML/ntxmi/m/i
t/9 ^^W[]$\T1/ntxtlf/m/n/9 , in-creased by an or-der of mag-ni-tude, in the Hel
d-Suarez with
 []


Underfull \vbox (badness 4940) has occurred while \output is active []

 [16 <./figs/fhstopo_ne30pg2-v-ne30pg3-v-10Xnudiv.pdf>] [17 <./figs/fhstopo_Div
ergence_ne30pg2-v-ne30pg3-v-10Xnudiv.pdf>]
Underfull \hbox (badness 10000) in paragraph at lines 291--291
[]\T1/ntxtlf/b/n/9 Table 1. $\U/ntxmia/m/it/9 ^^A\OML/ntxmi/m/it/9 x$ \T1/ntxtl
f/m/n/9 and $\U/ntxmia/m/it/9 ^^A\OML/ntxmi/m/it/9 t$ \T1/ntxtlf/m/n/9 for the 
physics and dy-nam-ics in the low res-o-lu-tion sim-u-la-tions. $\OML/ntxmi/m/i
t/9 Deltax$ \T1/ntxtlf/m/n/9 is com-puted as
 []

<figs/panel_transGLL.pdf, id=305, 544.5411pt x 530.47968pt>
File: figs/panel_transGLL.pdf Graphic file (type pdf)
<use figs/panel_transGLL.pdf>
Package pdftex.def Info: figs/panel_transGLL.pdf  used on input line 309.
(pdftex.def)             Requested size: 360.0pt x 350.70856pt.

Underfull \hbox (badness 10000) in paragraph at lines 311--311
[]\T1/ntxtlf/b/n/9 Figure  9. \T1/ntxtlf/m/n/9 Snap-shots in the longitude-pres
sure plane of $\OML/ntxmi/m/it/9 ![]$ \T1/ntxtlf/m/n/9 through the ITCZ re-gion
 in the $\OML/ntxmi/m/it/9 ne\OT1/ntxtlf/m/n/9 20\OML/ntxmi/m/it/9 pg\OT1/ntxtl
f/m/n/9 3$\T1/ntxtlf/m/n/9 ,
 []


Underfull \hbox (badness 10000) in paragraph at lines 311--311
\OML/ntxmi/m/it/9 ne\OT1/ntxtlf/m/n/9 30\OML/ntxmi/m/it/9 pg\OT1/ntxtlf/m/n/9 2
$ \T1/ntxtlf/m/n/9 and $\OML/ntxmi/m/it/9 ne\OT1/ntxtlf/m/n/9 30\OML/ntxmi/m/it
/9 pg\OT1/ntxtlf/m/n/9 3$ \T1/ntxtlf/m/n/9 con-fig-u-ra-tions, in the up-per, m
id-dle and lower pan-els, re-spec-tively. Black is the
 []


Underfull \hbox (badness 10000) in paragraph at lines 311--311
\LMS/ntxsy/m/n/9 ^^F\OT1/ntxtlf/m/n/9 15\OML/ntxmi/m/it/9 K\LMS/ntxsy/m/n/9 ù\O
ML/ntxmi/m/it/9 day$ \T1/ntxtlf/m/n/9 con-tour of the physics ten-den-cies, and
 the white con-tour is the $\OT1/ntxtlf/m/n/9 0\OML/ntxmi/m/it/9 :\OT1/ntxtlf/m
/n/9 0075\OML/ntxmi/m/it/9 kg\LMS/ntxsy/m/n/9 ù\OML/ntxmi/m/it/9 m[]\LMS/ntxsy/
m/n/9 ù\OML/ntxmi/m/it/9 s$ \T1/ntxtlf/m/n/9 con-tour of the
 []


Underfull \vbox (badness 1997) has occurred while \output is active []

 [18]
<figs/panel_ne20pg2-ne30pg2-ne30pg3.pdf, id=309, 547.8952pt x 184.11635pt>
File: figs/panel_ne20pg2-ne30pg2-ne30pg3.pdf Graphic file (type pdf)
<use figs/panel_ne20pg2-ne30pg2-ne30pg3.pdf>
Package pdftex.def Info: figs/panel_ne20pg2-ne30pg2-ne30pg3.pdf  used on input 
line 319.
(pdftex.def)             Requested size: 360.0pt x 120.97775pt.

Underfull \hbox (badness 10000) in paragraph at lines 321--321
[]\T1/ntxtlf/b/n/9 Figure  10. \T1/ntxtlf/m/n/9 (Left) Wavenumber-power spec-tr
um of the tem-per-a-ture ten-den-cies from the moist physics,
 []


Underfull \hbox (badness 10000) in paragraph at lines 321--321
\T1/ntxtlf/m/n/9 near the 369 hPa level, (Mid-dle) prob-a-bil-ity den-sity dis-
tri-bu-tion and (Right) the scaled prob-a-bil-ity den-sity
 []


Underfull \hbox (badness 10000) in paragraph at lines 321--321
\T1/ntxtlf/m/n/9 dis-tri-bu-tion of up-ward $\OML/ntxmi/m/it/9 !$ \T1/ntxtlf/m/
n/9 ev-ery-where in the model. The scaled dis-tri-bu-tions are scaled to $\OML/
ntxmi/m/it/9 ne\OT1/ntxtlf/m/n/9 30\OML/ntxmi/m/it/9 pg\OT1/ntxtlf/m/n/9 3$ \T1
/ntxtlf/m/n/9 us-ing
 []


Underfull \vbox (badness 10000) has occurred while \output is active []

 [19 <./figs/panel_transGLL.pdf>] [20 <./figs/panel_ne20pg2-ne30pg2-ne30pg3.pdf
>]
Underfull \hbox (badness 10000) in paragraph at lines 342--342
[]\T1/ntxtlf/b/n/9 Table 2. $\U/ntxmia/m/it/9 ^^A\OML/ntxmi/m/it/9 x$ \T1/ntxtl
f/m/n/9 and $\U/ntxmia/m/it/9 ^^A\OML/ntxmi/m/it/9 t$ \T1/ntxtlf/m/n/9 for the 
physics and dy-nam-ics in the high res-o-lu-tion sim-u-la-tions. $\OML/ntxmi/m/
it/9 Deltax$ \T1/ntxtlf/m/n/9 is com-puted as
 []

<figs/panel_ne80pg3_ne120pg2_ne120pg3.pdf, id=331, 546.29094pt x 183.71306pt>
File: figs/panel_ne80pg3_ne120pg2_ne120pg3.pdf Graphic file (type pdf)
<use figs/panel_ne80pg3_ne120pg2_ne120pg3.pdf>
Package pdftex.def Info: figs/panel_ne80pg3_ne120pg2_ne120pg3.pdf  used on inpu
t line 358.
(pdftex.def)             Requested size: 360.0pt x 121.06596pt.
[21 <./figs/panel_ne80pg3_ne120pg2_ne120pg3.pdf>]
Underfull \hbox (badness 10000) in paragraph at lines 373--373
[]\T1/ntxtlf/b/n/9 Table 3. $\U/ntxmia/m/it/9 ^^A\OML/ntxmi/m/it/9 x$ \T1/ntxtl
f/m/n/9 and $\U/ntxmia/m/it/9 ^^A\OML/ntxmi/m/it/9 t$ \T1/ntxtlf/m/n/9 for the 
physics and dy-nam-ics in the high res-o-lu-tion sim-u-la-tions. $\OML/ntxmi/m/
it/9 Deltax$ \T1/ntxtlf/m/n/9 is com-puted as
 []

<figs/panel_diags.pdf, id=342, 413.731pt x 148.34662pt>
File: figs/panel_diags.pdf Graphic file (type pdf)
<use figs/panel_diags.pdf>
Package pdftex.def Info: figs/panel_diags.pdf  used on input line 389.
(pdftex.def)             Requested size: 360.0pt x 129.08315pt.

Underfull \hbox (badness 10000) in paragraph at lines 391--391
[]\T1/ntxtlf/b/n/9 Figure  12. \T1/ntxtlf/m/n/9 Global mean, time-mean (a) up-w
ard $\OML/ntxmi/m/it/9 !$\T1/ntxtlf/m/n/9 , (b) CLUBB pre-cip-i-ta-tion rate an
d (c) pa-ram-e-ter-ized
 []


Underfull \hbox (badness 10000) in paragraph at lines 391--391
\T1/ntxtlf/m/n/9 deep con-vec-tive pre-cip-i-ta-tion rate. All means com-puted 
from the fi-nal 11 months of one-year sim-u-la-tions, and
 []


Underfull \vbox (badness 10000) has occurred while \output is active []

 [22 <./figs/panel_diags.pdf>]
LaTeX Font Info:    Calculating math sizes for size <10.5> on input line 423.
LaTeX Font Info:    Font shape `OT1/ntxtlf/b/n' will be
(Font)              scaled to size 10.5pt on input line 423.
LaTeX Font Info:    Font shape `OT1/ntxtlf/b/n' will be
(Font)              scaled to size 7.66495pt on input line 423.
LaTeX Font Info:    Font shape `OT1/ntxtlf/b/n' will be
(Font)              scaled to size 5.77502pt on input line 423.
<figs/bubble_test.pdf, id=354, 319.17905pt x 325.62271pt>
File: figs/bubble_test.pdf Graphic file (type pdf)
<use figs/bubble_test.pdf>
Package pdftex.def Info: figs/bubble_test.pdf  used on input line 430.
(pdftex.def)             Requested size: 300.0pt x 306.07544pt.

Underfull \hbox (badness 10000) in paragraph at lines 432--432
[]\T1/ntxtlf/b/n/9 Figure  A.1. \T1/ntxtlf/m/n/9 The mag-ni-tude of $\OML/ntxmi
/m/it/9 !$ \T1/ntxtlf/m/n/9 in the $\OML/ntxmi/m/it/9 pg\OT1/ntxtlf/m/n/9 3$ \T
1/ntxtlf/m/n/9 so-lu-tions are sys-tem-at-i-cally larger than the $\OML/ntxmi/m
/it/9 pg\OT1/ntxtlf/m/n/9 2$ \T1/ntxtlf/m/n/9 so-lu-tions,
 []


Underfull \hbox (badness 10000) in paragraph at lines 432--432
\T1/ntxtlf/m/n/9 which is pri-mar-ily a re-sult of the damp-ing ef-fect of in-t
e-grat-ing the ba-sis func-tions over a larger con-trol vol-
 []

<figs/panel_pdf_dtphys.pdf, id=355, 432.21745pt x 207.24084pt>
File: figs/panel_pdf_dtphys.pdf Graphic file (type pdf)
<use figs/panel_pdf_dtphys.pdf>
Package pdftex.def Info: figs/panel_pdf_dtphys.pdf  used on input line 442.
(pdftex.def)             Requested size: 360.0pt x 172.62332pt.

Underfull \hbox (badness 10000) in paragraph at lines 444--444
[]\T1/ntxtlf/b/n/9 Figure  A.2. \T1/ntxtlf/m/n/9 Prob-a-bil-ity den-sity dis-tr
i-bu-tion of up-ward $\OML/ntxmi/m/it/9 !$ \T1/ntxtlf/m/n/9 ev-ery-where in the
 model in the aqua-planets us-ing
 []


Underfull \hbox (badness 10000) in paragraph at lines 444--444
\T1/ntxtlf/m/n/9 the $\OML/ntxmi/m/it/9 ne\OT1/ntxtlf/m/n/9 30\OML/ntxmi/m/it/9
 pg\OT1/ntxtlf/m/n/9 2$ \T1/ntxtlf/m/n/9 grid (Left) and the $\OML/ntxmi/m/it/9
 ne\OT1/ntxtlf/m/n/9 120\OML/ntxmi/m/it/9 pg\OT1/ntxtlf/m/n/9 2$ \T1/ntxtlf/m/n
/9 grid (Right). Fig-ure com-puted for one year of 6-hourly data. The
 []


Underfull \vbox (badness 10000) has occurred while \output is active []

 [23]
<figs/panel_loworder.pdf, id=360, 531.40268pt x 282.21727pt>
File: figs/panel_loworder.pdf Graphic file (type pdf)
<use figs/panel_loworder.pdf>
Package pdftex.def Info: figs/panel_loworder.pdf  used on input line 456.
(pdftex.def)             Requested size: 360.0pt x 191.19466pt.

Underfull \hbox (badness 10000) in paragraph at lines 458--458
[]\T1/ntxtlf/b/n/9 Figure  B.1. \T1/ntxtlf/m/n/9 (Left) Wavenumber-power spec-t
rum of the tem-per-a-ture ten-den-cies from the moist physics, at
 []


Underfull \hbox (badness 10000) in paragraph at lines 458--458
\T1/ntxtlf/m/n/9 the 369 hPa level, and (right) prob-a-bil-ity den-sity dis-tri
-bu-tion of up-ward $\OML/ntxmi/m/it/9 !$\T1/ntxtlf/m/n/9 , ev-ery-where in the
 model, for three
 []


Underfull \hbox (badness 10000) in paragraph at lines 458--458
\T1/ntxtlf/m/n/9 year-long aqua-planet sim-u-la-tions. Solid lines re-fer to va
l-ues of on the $\OML/ntxmi/m/it/9 GLL$ \T1/ntxtlf/m/n/9 grids, and dashed line
s, the fields
 []


Overfull \hbox (0.97023pt too wide) in paragraph at lines 462--463
[]\T1/ntxtlf/m/n/10 The im-por-tance of the high-order map-ping can be shown wi
th an ad-di-tional $\OML/ntxmi/m/it/10 ne\OT1/ntxtlf/m/n/10 30\OML/ntxmi/m/it/1
0 pg\OT1/ntxtlf/m/n/10 2$ 
 []


Underfull \vbox (badness 10000) has occurred while \output is active []

 [24 <./figs/bubble_test.pdf>] (./physres.bbl
Underfull \vbox (badness 1226) has occurred while \output is active []

 [25 <./figs/panel_pdf_dtphys.pdf>]
Underfull \vbox (badness 10000) has occurred while \output is active []

 [26 <./figs/panel_loworder.pdf>]
Underfull \vbox (badness 10000) has occurred while \output is active []

 [27])
[28] (./physres.aux)

LaTeX Warning: There were undefined references.

 ) 
Here is how much of TeX's memory you used:
 6699 strings out of 492649
 89683 string characters out of 6129622
 151448 words of memory out of 5000000
 10302 multiletter control sequences out of 15000+600000
 129632 words of font info for 232 fonts, out of 8000000 for 9000
 1147 hyphenation exceptions out of 8191
 41i,10n,37p,1727b,370s stack positions out of 5000i,500n,10000p,200000b,80000s
{/usr/local/texlive/2018/texmf-dist/fonts/enc/dvips/base/ec.enc}{/usr/local/t
exlive/2018/texmf-dist/fonts/enc/dvips/newtx/ntx-ec-tlf.enc}{/usr/local/texlive
/2018/texmf-dist/fonts/enc/dvips/newtx/ntx-ot1-tlf.enc}{/usr/local/texlive/2018
/texmf-dist/fonts/enc/dvips/base/8r.enc}{/usr/local/texlive/2018/texmf-dist/fon
ts/enc/dvips/tex-gyre/q-ts1.enc}</usr/local/texlive/2018/texmf-dist/fonts/type1
/public/amsfonts/cm/cmmi10.pfb></usr/local/texlive/2018/texmf-dist/fonts/type1/
public/amsfonts/cm/cmmi7.pfb></usr/local/texlive/2018/texmf-dist/fonts/type1/pu
blic/amsfonts/cm/cmr10.pfb></usr/local/texlive/2018/texmf-dist/fonts/type1/publ
ic/amsfonts/cm/cmr7.pfb></usr/local/texlive/2018/texmf-dist/fonts/type1/public/
amsfonts/cm/cmsy10.pfb></usr/local/texlive/2018/texmf-dist/fonts/type1/public/a
msfonts/cm/cmsy7.pfb></usr/local/texlive/2018/texmf-dist/fonts/type1/public/new
tx/ntxsups-Regular.pfb></usr/local/texlive/2018/texmf-dist/fonts/type1/public/n
ewtx/ntxsyralt.pfb></usr/local/texlive/2018/texmf-dist/fonts/type1/public/tex-g
yre/qtmb.pfb></usr/local/texlive/2018/texmf-dist/fonts/type1/public/tex-gyre/qt
mbi.pfb></usr/local/texlive/2018/texmf-dist/fonts/type1/public/tex-gyre/qtmr.pf
b></usr/local/texlive/2018/texmf-dist/fonts/type1/public/tex-gyre/qtmri.pfb></u
sr/local/texlive/2018/texmf-dist/fonts/type1/public/newtx/rntxbmi.pfb></usr/loc
al/texlive/2018/texmf-dist/fonts/type1/public/newtx/rntxbmi7.pfb></usr/local/te
xlive/2018/texmf-dist/fonts/type1/public/newtx/rntxmi.pfb></usr/local/texlive/2
018/texmf-dist/fonts/type1/public/newtx/rntxmi5.pfb></usr/local/texlive/2018/te
xmf-dist/fonts/type1/public/newtx/rntxmi7.pfb></usr/local/texlive/2018/texmf-di
st/fonts/type1/public/txfonts/rtxmi.pfb></usr/local/texlive/2018/texmf-dist/fon
ts/type1/public/newtx/rtxmi5.pfb></usr/local/texlive/2018/texmf-dist/fonts/type
1/public/newtx/rtxmi7.pfb></usr/local/texlive/2018/texmf-dist/fonts/type1/publi
c/txfonts/rtxr.pfb></usr/local/texlive/2018/texmf-dist/fonts/type1/public/txfon
ts/t1xtt.pfb></usr/local/texlive/2018/texmf-dist/fonts/type1/public/txfonts/txb
mia.pfb></usr/local/texlive/2018/texmf-dist/fonts/type1/public/newtx/txbsys.pfb
></usr/local/texlive/2018/texmf-dist/fonts/type1/public/newtx/txexs.pfb></usr/l
ocal/texlive/2018/texmf-dist/fonts/type1/public/txfonts/txmia.pfb></usr/local/t
exlive/2018/texmf-dist/fonts/type1/public/txfonts/txsyc.pfb></usr/local/texlive
/2018/texmf-dist/fonts/type1/public/newtx/txsys.pfb></usr/local/texlive/2018/te
xmf-dist/fonts/type1/urw/times/utmri8a.pfb>
Output written on physres.pdf (28 pages, 5359622 bytes).
PDF statistics:
 485 PDF objects out of 1000 (max. 8388607)
 333 compressed objects within 4 object streams
 0 named destinations out of 1000 (max. 500000)
 76 words of extra memory for PDF output out of 10000 (max. 10000000)

